
Stripe live mode: true
WARNING: Using Stripe live mode in development environment
Consider using test mode for development to avoid real charges
Development: Serving static files from: /home/runner/workspace/public
Sharp not available - image optimization disabled
Setting up application...
Re-optimizing dependencies because lockfile has changed
âœ… Vite development server ready
âœ… Rich Habits server running on port 5000 in development mode
ðŸŒ Server address: { address: '0.0.0.0', family: 'IPv4', port: 5000 }
Error:   Failed to scan for dependencies from entries:
  /home/runner/workspace/client/index.html
/home/runner/workspace/client/src/standalone.html

  âœ˜ [ERROR] The symbol "Router" has already been declared

    client/src/App.tsx:117:26:
      117 â”‚ import { BrowserRouter as Router, Routes, Route } from "react-rou...
          â•µ                           ~~~~~~

  The symbol "Router" was originally declared here:

    client/src/App.tsx:26:9:
      26 â”‚ function Router() {
         â•µ          ~~~~~~


âœ˜ [ERROR] The symbol "Events" has already been declared

    client/src/App.tsx:123:7:
      123 â”‚ import Events from "@/pages/Events";
          â•µ        ~~~~~~

  The symbol "Events" was originally declared here:

    client/src/App.tsx:14:6:
      14 â”‚ const Events = lazy(() => import("./pages/EventsSimple"));
         â•µ       ~~~~~~


âœ˜ [ERROR] The symbol "EventDetail" has already been declared

    client/src/App.tsx:124:7:
      124 â”‚ import EventDetail from "@/pages/EventDetail";
          â•µ        ~~~~~~~~~~~

  The symbol "EventDetail" was originally declared here:

    client/src/App.tsx:15:6:
      15 â”‚ const EventDetail = lazy(() => import("./pages/EventDetail"));
         â•µ       ~~~~~~~~~~~


âœ˜ [ERROR] The symbol "Shop" has already been declared

    client/src/App.tsx:125:7:
      125 â”‚ import Shop from "@/pages/Shop";
          â•µ        ~~~~

  The symbol "Shop" was originally declared here:

    client/src/App.tsx:13:6:
      13 â”‚ const Shop = lazy(() => import("./pages/Shop"));
         â•µ       ~~~~


âœ˜ [ERROR] The symbol "Contact" has already been declared

    client/src/App.tsx:127:7:
      127 â”‚ import Contact from "@/pages/Contact";
          â•µ        ~~~~~~~

  The symbol "Contact" was originally declared here:

    client/src/App.tsx:20:6:
      20 â”‚ const Contact = lazy(() => import("./pages/Contact"));
         â•µ       ~~~~~~~


âœ˜ [ERROR] The symbol "CustomApparel" has already been declared

    client/src/App.tsx:129:7:
      129 â”‚ import CustomApparel from "@/pages/CustomApparel";
          â•µ        ~~~~~~~~~~~~~

  The symbol "CustomApparel" was originally declared here:

    client/src/App.tsx:19:6:
      19 â”‚ const CustomApparel = lazy(() => import("./pages/CustomApparel"));
         â•µ       ~~~~~~~~~~~~~


âœ˜ [ERROR] The symbol "Admin" has already been declared

    client/src/App.tsx:131:7:
      131 â”‚ import Admin from "@/pages/Admin";
          â•µ        ~~~~~

  The symbol "Admin" was originally declared here:

    client/src/App.tsx:22:6:
      22 â”‚ const Admin = lazy(() => import("./pages/Admin"));
         â•µ       ~~~~~


âœ˜ [ERROR] The symbol "EventRegistration" has already been declared

    client/src/App.tsx:137:7:
      137 â”‚ import EventRegistration from "@/pages/EventRegistration";
          â•µ        ~~~~~~~~~~~~~~~~~

  The symbol "EventRegistration" was originally declared here:

    client/src/App.tsx:16:6:
      16 â”‚ const EventRegistration = lazy(() => import("./pages/EventRegistra...
         â•µ       ~~~~~~~~~~~~~~~~~


âœ˜ [ERROR] Unexpected closing "Layout" tag does not match opening "div" tag

    client/src/pages/Events.tsx:268:6:
      268 â”‚     </Layout>
          â”‚       ~~~~~~
          â•µ       div

  The opening "div" tag is here:

    client/src/pages/Events.tsx:118:7:
      118 â”‚       <div className="min-h-screen bg-white pb-20">
          â•µ        ~~~


âœ˜ [ERROR] The character "}" is not valid inside a JSX element

    client/src/pages/Events.tsx:270:0:
      270 â”‚ }
          â”‚ ^
          â•µ {'}'}

  Did you mean to escape it as "{'}'}" instead?


âœ˜ [ERROR] Unexpected end of file before a closing "Layout" tag

    client/src/pages/Events.tsx:270:1:
      270 â”‚ }
          â”‚  ^
          â•µ  </Layout>

  The opening "Layout" tag is here:

    client/src/pages/Events.tsx:117:5:
      117 â”‚     <Layout>
          â•µ      ~~~~~~


    at failureErrorWithLog (/home/runner/workspace/node_modules/vite/node_modules/esbuild/lib/main.js:1472:15)
    at /home/runner/workspace/node_modules/vite/node_modules/esbuild/lib/main.js:945:25
    at runOnEndCallbacks (/home/runner/workspace/node_modules/vite/node_modules/esbuild/lib/main.js:1315:45)
    at buildResponseToResult (/home/runner/workspace/node_modules/vite/node_modules/esbuild/lib/main.js:943:7)
    at /home/runner/workspace/node_modules/vite/node_modules/esbuild/lib/main.js:955:9
    at new Promise (<anonymous>)
    at requestCallbacks.on-end (/home/runner/workspace/node_modules/vite/node_modules/esbuild/lib/main.js:954:54)
    at handleRequest (/home/runner/workspace/node_modules/vite/node_modules/esbuild/lib/main.js:647:17)
    at handleIncomingPacket (/home/runner/workspace/node_modules/vite/node_modules/esbuild/lib/main.js:672:7)
    at Socket.readFromStdout (/home/runner/workspace/node_modules/vite/node_modules/esbuild/lib/main.js:600:7)
